[2025-05-30 11:25:42] ATTA UL ASAD admin created user via form – credits: 10, expiry: 2025-05-30T12:25:42.819119 
[2025-05-30 11:25:55] ATTA UL ASAD credits refilled via form (+10) – credits: 20, expiry: 2025-05-30T12:25:42.819119 
[2025-05-30 11:26:11] ATTA UL ASAD expiry extended via form (+30 mins) – credits: 10, expiry: 2025-05-30T12:55:42.819119 
[2025-05-30 11:31:14] ATTA UL ASAD admin created user via form – credits: 10, expiry: 2025-05-30T12:31:14.225456 
[2025-05-30 11:31:37] ATTA UL ASAD user deleted via form – credits: 0, expiry: 2025-05-29T11:31:37.951898 
[2025-05-30 11:31:51] ATTA UL ASAD user deleted via form – credits: 0, expiry: 2025-05-29T11:31:51.929600 
[2025-05-30 11:34:05] ATTA UL ASAD admin created user via form – credits: 10, expiry: 2025-05-30T12:34:05.914625 
[2025-05-30 11:34:16] ATTA UL ASAD user deleted via form – credits: 0, expiry: 2025-05-29T11:34:16.229104 
[2025-05-30 11:34:29] ATTA UL ASAD user deleted via form – credits: 0, expiry: 2025-05-29T11:34:29.015179 
[2025-05-30 11:34:47] ATTA UL ASAD credits refilled via form (+10) – credits: 20, expiry: 2025-05-30T12:34:05.914625 
[2025-05-30 11:37:58] ATTA UL ASAD admin created user via form – credits: 10, expiry: 2025-05-30T12:37:58.922206 
[2025-05-30 11:38:05] ATTA UL ASAD user deleted via form – credits: 0, expiry: 2025-05-29T11:38:05.879617 
[2025-05-30 11:38:10] ATTA UL ASAD user deleted via form – credits: 0, expiry: 2025-05-29T11:38:10.967992 
[2025-05-30 11:42:52] ATTA UL ASAD admin created user via form – credits: 10, expiry: 2025-05-30T12:42:52.159624 
[2025-05-30 11:43:01] ATTA UL ASAD user deleted via admin form – credits: 0, expiry: 2025-05-29T11:43:01.875878 
[2025-05-30 11:43:05] ATTA UL ASAD expiry extended via form (+30 mins) – credits: 10, expiry: 2025-05-30T13:12:52.159624 
[2025-05-30 11:43:12] ATTA UL ASAD user deleted via admin form – credits: 0, expiry: 2025-05-29T11:43:12.684125 
[2025-05-30 11:51:01] ATTA UL ASAD admin created user via form – credits: 10, expiry: 2025-05-30T12:51:01.721694 
[2025-05-30 11:51:13] ATTA UL ASAD user deleted via admin form – credits: 0, expiry: 2025-05-29T11:51:13.074869 
[2025-05-30 11:51:24] ATTA UL ASAD user deleted via admin form – credits: 0, expiry: 2025-05-29T11:51:24.395088 
[2025-05-30 11:51:34] ATTA UL ASAD expiry extended via form (+30 mins) – credits: 10, expiry: 2025-05-30T13:21:01.721694 
[2025-05-30 11:51:48] ATTA UL ASAD credits refilled via form (+10) – credits: 20, expiry: 2025-05-30T13:21:01.721694 
[2025-05-30 11:52:09] ATTA UL ASAD user deleted via admin form – credits: 0, expiry: 2025-05-29T11:52:09.838037 
[2025-05-30 11:56:25] ATTA UL ASAD admin created user via form – credits: 10, expiry: 2025-05-30T12:56:25.037633 
[2025-05-30 11:56:36] ATTA UL ASAD user deleted via admin form – credits: 0, expiry: 2025-05-29T11:56:36.182840 
[2025-05-30 11:56:58] ATTA UL ASAD admin created user via form – credits: 10, expiry: 2025-05-30T12:56:58.234917 
[2025-05-30 11:57:07] ATTA UL ASAD user deleted via admin form – credits: 0, expiry: 2025-05-29T11:57:07.824863 
[2025-05-30 11:57:26] ATTA UL ASAD user deleted via admin form – credits: 0, expiry: 2025-05-29T11:57:26.250182 
[2025-05-30 12:00:44] ATTA UL ASAD admin created user via form – credits: 10, expiry: 2025-05-30T13:00:44.174663 
[2025-05-30 12:00:49] unknown user deleted via admin form – credits: N/A, expiry: N/A 
[2025-05-30 12:00:59] gAAAAABoOVeceWGAInbou2G9WFpo7k56JHtiAuT3pDu9gdyL7VM579imKhK9rGhH7aJkRBDsmq6oj1YLiWaftxl9ydppQBMJP5BgY9kZaAEQFr1OwFb6Zz1OPvARUeHYQSp6zcaCZmILuTyA2u-73pZorBBPvieaBByfay_-M5drsO1xfafLbMuNLpVkxgIyeq_aRhDumqhB_0-XT_H5izUwyNYUqjP66A== admin created user via form – credits: 10, expiry: 2025-05-30T13:00:59.487341 
[2025-05-30 12:01:06] unknown user deleted via admin form – credits: N/A, expiry: N/A 
[2025-05-30 12:26:24] ATTA UL ASAD admin created user via form – credits: 10, expiry: 2025-05-30T13:26:24.303610 
[2025-05-30 12:26:36] unknown user deleted via admin form – credits: N/A, expiry: N/A 
[2025-05-30 17:21:27] Asad admin created user via form – credits: 10, expiry: 2025-05-30T18:21:27.327996 
[2025-05-30 17:21:37] Asad credits refilled via form (+10) – credits: 20, expiry: 2025-05-30T18:21:27.327996 
[2025-05-30 17:21:51] Asad credits refilled via form (+10) – credits: 20, expiry: 2025-05-30T18:21:27.327996 
[2025-05-30 17:22:02] unknown user deleted via admin form – credits: N/A, expiry: N/A 
[2025-05-30 17:22:17] Asad admin created user via form – credits: 10, expiry: 2025-05-30T18:22:17.258980 
[2025-05-30 17:22:24] Asad expiry extended via form (+30 mins) – credits: 10, expiry: 2025-05-30T18:52:17.258980 
[2025-05-30 17:29:41] Asad admin created user via form – credits: 10, expiry: 2025-05-30T18:29:41.400685 
[2025-05-30 17:29:55] Asad credits refilled via form (+10) from 10 to 20 – credits: 20, expiry: 2025-05-30T18:29:41.400685 
[2025-05-30 17:34:43] Asad encrypting data – credits: 10, expiry: 2025-05-30T18:34:43.237886 data: {'name': 'Asad', 'credits': 10, 'expiry': '2025-05-30T18:34:43.237886', 'deleted': False}
[2025-05-30 17:34:43] Asad admin created user via form – credits: 10, expiry: 2025-05-30T18:34:43.237886 token: gAAAAABoOaXjTSccPDF3oRAnf4ig-GEH0WcDRJAMQThNc-ALpXPZDT1r2NT0ln7XqCH3oGnT9ksrrbMo6eqDBy-Qy8gNioE33yrxyCAJTMEXl_cFMGI7jYF3DZZhF0j6ItaS3rjm8Ad2ieB9PyOYvq9b0GjP_NFDlR7HNRpkFacsugBseq30gH9fBd8aVdFVmQUpK5wNslJ-
[2025-05-30 17:34:52] Asad encrypting data – credits: 20, expiry: 2025-05-30T18:34:43.237886 data: {'name': 'Asad', 'credits': 20, 'expiry': '2025-05-30T18:34:43.237886', 'deleted': False}
[2025-05-30 17:34:52] Asad credits refilled via form (+10) from 10 to 20 – credits: 20, expiry: 2025-05-30T18:34:43.237886 old_token: gAAAAABoOaXjTSccPDF3oRAnf4ig-GEH0WcDRJAMQThNc-ALpXPZDT1r2NT0ln7XqCH3oGnT9ksrrbMo6eqDBy-Qy8gNioE33yrxyCAJTMEXl_cFMGI7jYF3DZZhF0j6ItaS3rjm8Ad2ieB9PyOYvq9b0GjP_NFDlR7HNRpkFacsugBseq30gH9fBd8aVdFVmQUpK5wNslJ-, new_token: gAAAAABoOaXsLGNqCqAZ-Djan_e2TSURPR8J9c8_lViw7iBdtmbpLZeKU6l--ywU1MJhtZAN4-FbW8AXPgM8oSEDLNMM448L-YijDkqdQwWcGxgRAMqrE-yeVvDsvpijYQWCpg8VVUJh9k6oWRqXW1dLsqZl-UfTAZ1JG3JSQHBDEBulCLnO6Awv00OphfxetXFoYLb9H5l8
[2025-05-30 17:34:58] unknown user deleted via admin form – credits: N/A, expiry: N/A 
[2025-05-30 17:35:03] unknown attempted decrypt with revoked token – credits: N/A, expiry: N/A 
[2025-05-30 17:51:59] Asad encrypting data – credits: 10, expiry: 2025-05-30T18:51:59.152426 data: {'name': 'Asad', 'credits': 10, 'expiry': '2025-05-30T18:51:59.152426', 'deleted': False}
[2025-05-30 17:51:59] Asad admin created user via form – credits: 10, expiry: 2025-05-30T18:51:59.152426 token: gAAAAABoOanvRGhoMtXP2afXV6FB09gz6BMlXkoy6zImwxUu7yXRM4mkuEgsXsdUkA6CKDxSKfqLn5_7fwKeC6i9xaYPrNsbKkiKM5oG61Tns-PClhTKOMDYuN_1YjG1CzIflMfeBJojr3-l8sXeJZaFLJrF-3Jkp1FSBK0Mw2VoXTgqvKbP_t3LxlUWGo33d4eGTahO980W
[2025-05-30 17:52:14] Asad encrypting data – credits: 10, expiry: 2025-05-30T19:21:59.152426 data: {'name': 'Asad', 'credits': 10, 'expiry': '2025-05-30T19:21:59.152426', 'deleted': False}
[2025-05-30 17:52:14] Asad expiry extended via form (+30 mins) – credits: 10, expiry: 2025-05-30T19:21:59.152426 old_token: gAAAAABoOanvRGhoMtXP2afXV6FB09gz6BMlXkoy6zImwxUu7yXRM4mkuEgsXsdUkA6CKDxSKfqLn5_7fwKeC6i9xaYPrNsbKkiKM5oG61Tns-PClhTKOMDYuN_1YjG1CzIflMfeBJojr3-l8sXeJZaFLJrF-3Jkp1FSBK0Mw2VoXTgqvKbP_t3LxlUWGo33d4eGTahO980W, new_token: gAAAAABoOan-IqHbx2jsrOESG9PyFWeVKZ7jcOa2D1zReWzTGXhbj-DSSq9s0WCHZQ8RqMVM7lF76C0kq93iIibtfcwRWSxKw-k3RrmulM-qCY-qSqgrGO1H0Ae_rzo4AeQ4jskqhDNlooduElxV2QkJh7Qnuw1cfEimEn12pwuzdI81Wv3I6ZnzeF7Qa2ae3WQtN3Zl4Ye3
[2025-05-30 17:52:54] Asad encrypting data – credits: 10, expiry: 2025-05-30T18:52:54.675363 data: {'name': 'Asad', 'credits': 10, 'expiry': '2025-05-30T18:52:54.675363', 'deleted': False}
[2025-05-30 17:52:54] Asad admin created user via form – credits: 10, expiry: 2025-05-30T18:52:54.675363 token: gAAAAABoOaomyR5YmgTDIkMKZbnq6pRqWLTMxVm4G06rwaxIP7juR7fY9njZvVXIW9ILv3oapLNI7lZHp0arUDE17WYSNfs05V_pjOuc80_pMbmsxsu-JsJoHT4Cg5XkgKISPwUyIYgetsu0WaNW3eoQ-H8enc4R4Y4T7mjQRC5Wgb_z2SShd-QK-NCQ1AN0Q7tbmV1ALi4d
[2025-05-30 17:53:21] Asad encrypting data – credits: 10, expiry: 2025-05-30T19:22:54.675363 data: {'name': 'Asad', 'credits': 10, 'expiry': '2025-05-30T19:22:54.675363', 'deleted': False}
[2025-05-30 17:53:21] Asad expiry extended via form (+30 mins) – credits: 10, expiry: 2025-05-30T19:22:54.675363 old_token: gAAAAABoOaomyR5YmgTDIkMKZbnq6pRqWLTMxVm4G06rwaxIP7juR7fY9njZvVXIW9ILv3oapLNI7lZHp0arUDE17WYSNfs05V_pjOuc80_pMbmsxsu-JsJoHT4Cg5XkgKISPwUyIYgetsu0WaNW3eoQ-H8enc4R4Y4T7mjQRC5Wgb_z2SShd-QK-NCQ1AN0Q7tbmV1ALi4d, new_token: gAAAAABoOapBHZXA9rOCvCulsiNL2vQec1BIbKkvtS_W_1ciE5NScQ8z-GCZf_uGM0P28QOKoAt1_m02mrLYY0NNjB9aOjPAT745uJ2q_uoa1tpDi6XyNRukGG2clRc6hXTmd0Y8nTbQB9lWSyKSSLm2AfEfWCOfYazd0mfEMm-XUHvQM9Rh9n-EPC76LASZ2FbwDrYj4nQq
[2025-05-30 17:59:36] Asad encrypting data – credits: 10, expiry: 2025-05-30T18:59:36.439454 data: {'name': 'Asad', 'credits': 10, 'expiry': '2025-05-30T18:59:36.439454', 'deleted': False}
[2025-05-30 17:59:36] Asad admin created user via form – credits: 10, expiry: 2025-05-30T18:59:36.439454 token: gAAAAABoOau4E_JrFjZ4ZsCfsQqwuJmQCt_3T6swiKAWon3gJ0MpzWg2JEvco10uBQO2vlYVuFY0-9La_6BOAKIqZ08mViOXb3sj7JjmEAF3aVVcOUeh5v7CETrsP1goNP46tc8DWaSlCKdofRlYmDbXCbzhJfiwJ2_Jdqbnfo2FUA5Zl4WWg6H-PTwyitF8qRiaJAWfuhfl
[2025-05-30 17:59:56] Asad encrypting data – credits: 10, expiry: 2025-05-30T20:29:36.439454 data: {'name': 'Asad', 'credits': 10, 'expiry': '2025-05-30T20:29:36.439454', 'deleted': False}
[2025-05-30 17:59:56] Asad expiry extended via form (+90 mins) – credits: 10, expiry: 2025-05-30T20:29:36.439454 old_token: gAAAAABoOau4E_JrFjZ4ZsCfsQqwuJmQCt_3T6swiKAWon3gJ0MpzWg2JEvco10uBQO2vlYVuFY0-9La_6BOAKIqZ08mViOXb3sj7JjmEAF3aVVcOUeh5v7CETrsP1goNP46tc8DWaSlCKdofRlYmDbXCbzhJfiwJ2_Jdqbnfo2FUA5Zl4WWg6H-PTwyitF8qRiaJAWfuhfl, new_token: gAAAAABoOavMDIbjp6bM_ubKdxyg_26EXl7rkMKOVc8p-IoKDOtksMqQQUyfvdlwG0pxLZyV371mBHQ8ZPVOUzrr_TRIKsZmQb43tZDFsiO1EUyz3xdjlbSnehHME7j-0ZPBk0eYt2yuRhPCFBkiFFldF9ifHFhY3ClI8qyN6OKWu9WFLXy5c9c_xER8rg2VxxSHHhA9pXUv
[2025-05-30 18:00:11] Asad encrypting data – credits: 20, expiry: 2025-05-30T20:29:36.439454 data: {'name': 'Asad', 'credits': 20, 'expiry': '2025-05-30T20:29:36.439454', 'deleted': False}
[2025-05-30 18:00:11] Asad credits refilled via form (+10) from 10 to 20 – credits: 20, expiry: 2025-05-30T20:29:36.439454 old_token: gAAAAABoOavMDIbjp6bM_ubKdxyg_26EXl7rkMKOVc8p-IoKDOtksMqQQUyfvdlwG0pxLZyV371mBHQ8ZPVOUzrr_TRIKsZmQb43tZDFsiO1EUyz3xdjlbSnehHME7j-0ZPBk0eYt2yuRhPCFBkiFFldF9ifHFhY3ClI8qyN6OKWu9WFLXy5c9c_xER8rg2VxxSHHhA9pXUv., new_token: gAAAAABoOavbKOQU-D0r1EerQf7KjmlzSRyUJp8w30p86Q0kKAqh_TsaeM_vCHJmmfnAKDRlMPCT0TRn7PwDkSmSnqzia07jje3AHqoehz3WZU0CuqIZVPGdtQAqFUUbduFnBjVv-zANR9vV7Eoyk-YMrf1pU7RsTWiKqo77besd2rRdzjHmNoTuJq2xJpHQgx1dzGjtlPTg
